<?xml version="1.0" encoding="UTF-8"?>
<testsuite name="com.application.SecuritytApplicationTests" tests="1" skipped="0" failures="0" errors="0" timestamp="2023-02-01T20:30:03" hostname="MacBook-Pro-de-Jorge.local" time="0.127">
  <properties/>
  <testcase name="crearUserTest()" classname="com.application.SecuritytApplicationTests" time="0.127"/>
  <system-out><![CDATA[15:29:56.043 [Test worker] DEBUG org.springframework.test.context.BootstrapUtils - Instantiating CacheAwareContextLoaderDelegate from class [org.springframework.test.context.cache.DefaultCacheAwareContextLoaderDelegate]
15:29:56.057 [Test worker] DEBUG org.springframework.test.context.BootstrapUtils - Instantiating BootstrapContext using constructor [public org.springframework.test.context.support.DefaultBootstrapContext(java.lang.Class,org.springframework.test.context.CacheAwareContextLoaderDelegate)]
15:29:56.094 [Test worker] DEBUG org.springframework.test.context.BootstrapUtils - Instantiating TestContextBootstrapper for test class [com.application.SecuritytApplicationTests] from class [org.springframework.boot.test.context.SpringBootTestContextBootstrapper]
15:29:56.107 [Test worker] INFO org.springframework.boot.test.context.SpringBootTestContextBootstrapper - Neither @ContextConfiguration nor @ContextHierarchy found for test class [com.application.SecuritytApplicationTests], using SpringBootContextLoader
15:29:56.111 [Test worker] DEBUG org.springframework.test.context.support.AbstractContextLoader - Did not detect default resource location for test class [com.application.SecuritytApplicationTests]: class path resource [com/application/SecuritytApplicationTests-context.xml] does not exist
15:29:56.112 [Test worker] DEBUG org.springframework.test.context.support.AbstractContextLoader - Did not detect default resource location for test class [com.application.SecuritytApplicationTests]: class path resource [com/application/SecuritytApplicationTestsContext.groovy] does not exist
15:29:56.112 [Test worker] INFO org.springframework.test.context.support.AbstractContextLoader - Could not detect default resource locations for test class [com.application.SecuritytApplicationTests]: no resource found for suffixes {-context.xml, Context.groovy}.
15:29:56.113 [Test worker] INFO org.springframework.test.context.support.AnnotationConfigContextLoaderUtils - Could not detect default configuration classes for test class [com.application.SecuritytApplicationTests]: SecuritytApplicationTests does not declare any static, non-private, non-final, nested classes annotated with @Configuration.
15:29:56.169 [Test worker] DEBUG org.springframework.test.context.support.ActiveProfilesUtils - Could not find an 'annotation declaring class' for annotation type [org.springframework.test.context.ActiveProfiles] and class [com.application.SecuritytApplicationTests]
15:29:56.232 [Test worker] DEBUG org.springframework.context.annotation.ClassPathScanningCandidateComponentProvider - Identified candidate component class: file [/Users/yorsh/Proyects/Dev/Projects-SpringBoot/Security/Basic/security-basic-springboot/build/classes/java/main/com/application/SecuritytApplication.class]
15:29:56.233 [Test worker] INFO org.springframework.boot.test.context.SpringBootTestContextBootstrapper - Found @SpringBootConfiguration com.application.SecuritytApplication for test class com.application.SecuritytApplicationTests
15:29:56.341 [Test worker] DEBUG org.springframework.boot.test.context.SpringBootTestContextBootstrapper - @TestExecutionListeners is not present for class [com.application.SecuritytApplicationTests]: using defaults.
15:29:56.342 [Test worker] INFO org.springframework.boot.test.context.SpringBootTestContextBootstrapper - Loaded default TestExecutionListener class names from location [META-INF/spring.factories]: [org.springframework.security.test.context.support.WithSecurityContextTestExecutionListener, org.springframework.security.test.context.support.ReactorContextTestExecutionListener, org.springframework.boot.test.autoconfigure.restdocs.RestDocsTestExecutionListener, org.springframework.boot.test.autoconfigure.web.client.MockRestServiceServerResetTestExecutionListener, org.springframework.boot.test.autoconfigure.web.servlet.MockMvcPrintOnlyOnFailureTestExecutionListener, org.springframework.boot.test.autoconfigure.web.servlet.WebDriverTestExecutionListener, org.springframework.boot.test.autoconfigure.webservices.client.MockWebServiceServerTestExecutionListener, org.springframework.boot.test.mock.mockito.MockitoTestExecutionListener, org.springframework.boot.test.mock.mockito.ResetMocksTestExecutionListener, org.springframework.test.context.web.ServletTestExecutionListener, org.springframework.test.context.support.DirtiesContextBeforeModesTestExecutionListener, org.springframework.test.context.event.ApplicationEventsTestExecutionListener, org.springframework.test.context.support.DependencyInjectionTestExecutionListener, org.springframework.test.context.support.DirtiesContextTestExecutionListener, org.springframework.test.context.transaction.TransactionalTestExecutionListener, org.springframework.test.context.jdbc.SqlScriptsTestExecutionListener, org.springframework.test.context.event.EventPublishingTestExecutionListener]
15:29:56.366 [Test worker] INFO org.springframework.boot.test.context.SpringBootTestContextBootstrapper - Using TestExecutionListeners: [org.springframework.test.context.web.ServletTestExecutionListener@133e019b, org.springframework.test.context.support.DirtiesContextBeforeModesTestExecutionListener@41382722, org.springframework.test.context.event.ApplicationEventsTestExecutionListener@7dac3fd8, org.springframework.boot.test.mock.mockito.MockitoTestExecutionListener@425357dd, org.springframework.boot.test.autoconfigure.SpringBootDependencyInjectionTestExecutionListener@2102a4d5, org.springframework.test.context.support.DirtiesContextTestExecutionListener@210386e0, org.springframework.test.context.transaction.TransactionalTestExecutionListener@3d4d3fe7, org.springframework.test.context.jdbc.SqlScriptsTestExecutionListener@65f87a2c, org.springframework.security.test.context.support.WithSecurityContextTestExecutionListener@51684e4a, org.springframework.test.context.event.EventPublishingTestExecutionListener@6ce1f601, org.springframework.security.test.context.support.ReactorContextTestExecutionListener@38875e7d, org.springframework.boot.test.autoconfigure.restdocs.RestDocsTestExecutionListener@1e886a5b, org.springframework.boot.test.autoconfigure.web.client.MockRestServiceServerResetTestExecutionListener@d816dde, org.springframework.boot.test.autoconfigure.web.servlet.MockMvcPrintOnlyOnFailureTestExecutionListener@6e33c391, org.springframework.boot.test.autoconfigure.web.servlet.WebDriverTestExecutionListener@6c451c9c, org.springframework.boot.test.autoconfigure.webservices.client.MockWebServiceServerTestExecutionListener@31c269fd, org.springframework.boot.test.mock.mockito.ResetMocksTestExecutionListener@372b0d86]
15:29:56.370 [Test worker] DEBUG org.springframework.test.context.support.AbstractDirtiesContextTestExecutionListener - Before test class: context [DefaultTestContext@49a64d82 testClass = SecuritytApplicationTests, testInstance = [null], testMethod = [null], testException = [null], mergedContextConfiguration = [WebMergedContextConfiguration@344561e0 testClass = SecuritytApplicationTests, locations = '{}', classes = '{class com.application.SecuritytApplication}', contextInitializerClasses = '[]', activeProfiles = '{}', propertySourceLocations = '{}', propertySourceProperties = '{org.springframework.boot.test.context.SpringBootTestContextBootstrapper=true}', contextCustomizers = set[org.springframework.boot.test.autoconfigure.actuate.metrics.MetricsExportContextCustomizerFactory$DisableMetricExportContextCustomizer@f001896, org.springframework.boot.test.autoconfigure.properties.PropertyMappingContextCustomizer@0, org.springframework.boot.test.autoconfigure.web.servlet.WebDriverContextCustomizerFactory$Customizer@3542162a, org.springframework.boot.test.context.filter.ExcludeFilterContextCustomizer@5bd82fed, org.springframework.boot.test.json.DuplicateJsonObjectContextCustomizerFactory$DuplicateJsonObjectContextCustomizer@549949be, org.springframework.boot.test.mock.mockito.MockitoContextCustomizer@0, org.springframework.boot.test.web.client.TestRestTemplateContextCustomizer@4189d70b, org.springframework.boot.test.context.SpringBootTestArgs@1, org.springframework.boot.test.context.SpringBootTestWebEnvironment@311bf055], resourceBasePath = 'src/main/webapp', contextLoader = 'org.springframework.boot.test.context.SpringBootContextLoader', parent = [null]], attributes = map['org.springframework.test.context.web.ServletTestExecutionListener.activateListener' -> true]], class annotated with @DirtiesContext [false] with mode [null].

  .   ____          _            __ _ _
 /\\ / ___'_ __ _ _(_)_ __  __ _ \ \ \ \
( ( )\___ | '_ | '_| | '_ \/ _` | \ \ \ \
 \\/  ___)| |_)| | | | | || (_| |  ) ) ) )
  '  |____| .__|_| |_|_| |_\__, | / / / /
 =========|_|==============|___/=/_/_/_/
 :: Spring Boot ::                (v2.7.4)

2023-02-01 15:29:56.924  INFO 3145 --- [    Test worker] c.application.SecuritytApplicationTests  : Starting SecuritytApplicationTests using Java 11.0.2 on MacBook-Pro-de-Jorge.local with PID 3145 (started by yorsh in /Users/yorsh/Proyects/Dev/Projects-SpringBoot/Security/Basic/security-basic-springboot)
2023-02-01 15:29:56.925  INFO 3145 --- [    Test worker] c.application.SecuritytApplicationTests  : The following 1 profile is active: "dev"
2023-02-01 15:29:57.717  INFO 3145 --- [    Test worker] .s.d.r.c.RepositoryConfigurationDelegate : Bootstrapping Spring Data JPA repositories in DEFAULT mode.
2023-02-01 15:29:57.791  INFO 3145 --- [    Test worker] .s.d.r.c.RepositoryConfigurationDelegate : Finished Spring Data repository scanning in 66 ms. Found 2 JPA repository interfaces.
2023-02-01 15:29:58.483  INFO 3145 --- [    Test worker] o.hibernate.jpa.internal.util.LogHelper  : HHH000204: Processing PersistenceUnitInfo [name: default]
2023-02-01 15:29:58.541  INFO 3145 --- [    Test worker] org.hibernate.Version                    : HHH000412: Hibernate ORM core version 5.6.11.Final
2023-02-01 15:29:58.755  INFO 3145 --- [    Test worker] o.hibernate.annotations.common.Version   : HCANN000001: Hibernate Commons Annotations {5.1.2.Final}
2023-02-01 15:29:58.880  INFO 3145 --- [    Test worker] com.zaxxer.hikari.HikariDataSource       : HikariPool-1 - Starting...
2023-02-01 15:30:00.569  INFO 3145 --- [    Test worker] com.zaxxer.hikari.HikariDataSource       : HikariPool-1 - Start completed.
2023-02-01 15:30:00.604  INFO 3145 --- [    Test worker] org.hibernate.dialect.Dialect            : HHH000400: Using dialect: org.hibernate.dialect.PostgreSQL10Dialect
2023-02-01 15:30:01.521  INFO 3145 --- [    Test worker] o.h.e.t.j.p.i.JtaPlatformInitiator       : HHH000490: Using JtaPlatform implementation: [org.hibernate.engine.transaction.jta.platform.internal.NoJtaPlatform]
2023-02-01 15:30:01.530  INFO 3145 --- [    Test worker] j.LocalContainerEntityManagerFactoryBean : Initialized JPA EntityManagerFactory for persistence unit 'default'
2023-02-01 15:30:02.073 DEBUG 3145 --- [    Test worker] .PrePostAnnotationSecurityMetadataSource : @org.springframework.security.access.prepost.PreAuthorize(value="hasAuthority(\"Administrador\")") found on specific method: public com.application.dto.response.BaseResponse com.application.app.controller.UserController.saveOrUpdate(com.application.dto.request.UserRequest)
2023-02-01 15:30:02.094 DEBUG 3145 --- [    Test worker] m.DelegatingMethodSecurityMetadataSource : Caching method [CacheKey[com.application.app.controller.UserController; public com.application.dto.response.BaseResponse com.application.app.controller.UserController.saveOrUpdate(com.application.dto.request.UserRequest)]] with attributes [[authorize: 'hasAuthority("Administrador")', filter: 'null', filterTarget: 'null']]
2023-02-01 15:30:02.118 DEBUG 3145 --- [    Test worker] .PrePostAnnotationSecurityMetadataSource : @org.springframework.security.access.prepost.PreAuthorize(value="hasAuthority(\"Administrador\")") found on specific method: public com.application.dto.response.CollectionResponse com.application.app.controller.UserController.findAll(com.application.dto.request.UserFilterRequest)
2023-02-01 15:30:02.118 DEBUG 3145 --- [    Test worker] m.DelegatingMethodSecurityMetadataSource : Caching method [CacheKey[com.application.app.controller.UserController; public com.application.dto.response.CollectionResponse com.application.app.controller.UserController.findAll(com.application.dto.request.UserFilterRequest)]] with attributes [[authorize: 'hasAuthority("Administrador")', filter: 'null', filterTarget: 'null']]
2023-02-01 15:30:02.204  WARN 3145 --- [    Test worker] JpaBaseConfiguration$JpaWebConfiguration : spring.jpa.open-in-view is enabled by default. Therefore, database queries may be performed during view rendering. Explicitly configure spring.jpa.open-in-view to disable this warning
2023-02-01 15:30:02.867 DEBUG 3145 --- [    Test worker] edFilterInvocationSecurityMetadataSource : Adding web access control expression [permitAll] for Ant [pattern='/ping/**', GET]
2023-02-01 15:30:02.868 DEBUG 3145 --- [    Test worker] edFilterInvocationSecurityMetadataSource : Adding web access control expression [permitAll] for Ant [pattern='/auth/confirm-account/**', GET]
2023-02-01 15:30:02.868 DEBUG 3145 --- [    Test worker] edFilterInvocationSecurityMetadataSource : Adding web access control expression [authenticated] for any request
2023-02-01 15:30:02.878  INFO 3145 --- [    Test worker] o.s.s.web.DefaultSecurityFilterChain     : Will secure any request with [org.springframework.security.web.session.DisableEncodeUrlFilter@7e484bd, org.springframework.security.web.context.request.async.WebAsyncManagerIntegrationFilter@7e1ae693, org.springframework.security.web.context.SecurityContextPersistenceFilter@6447dc25, org.springframework.security.web.header.HeaderWriterFilter@3fed0c04, org.springframework.web.filter.CorsFilter@3e0600a4, org.springframework.security.web.authentication.logout.LogoutFilter@560c3758, org.springframework.security.web.authentication.www.BasicAuthenticationFilter@6ce24203, org.springframework.security.web.savedrequest.RequestCacheAwareFilter@7af7c9aa, org.springframework.security.web.servletapi.SecurityContextHolderAwareRequestFilter@6334c0d8, org.springframework.security.web.authentication.AnonymousAuthenticationFilter@341141ab, org.springframework.security.web.session.SessionManagementFilter@71e9640, org.springframework.security.web.access.ExceptionTranslationFilter@71c69628, org.springframework.security.web.access.intercept.FilterSecurityInterceptor@1013aa94]
2023-02-01 15:30:03.323  INFO 3145 --- [    Test worker] c.application.SecuritytApplicationTests  : Started SecuritytApplicationTests in 6.901 seconds (JVM running for 8.228)
]]></system-out>
  <system-err><![CDATA[]]></system-err>
</testsuite>
